TN:
SF:src/components/Contact.js
FN:5,(anonymous_0)
FN:12,handleFirstName
FN:17,handleLastName
FN:23,(anonymous_3)
FN:25,(anonymous_4)
FN:29,(anonymous_5)
FN:33,(anonymous_6)
FN:37,(anonymous_7)
FN:68,(anonymous_8)
FNF:9
FNH:1
FNDA:3,(anonymous_0)
FNDA:0,handleFirstName
FNDA:0,handleLastName
FNDA:0,(anonymous_3)
FNDA:0,(anonymous_4)
FNDA:0,(anonymous_5)
FNDA:0,(anonymous_6)
FNDA:0,(anonymous_7)
FNDA:0,(anonymous_8)
DA:5,1
DA:7,3
DA:8,2
DA:9,2
DA:10,2
DA:13,0
DA:14,0
DA:18,0
DA:19,0
DA:22,2
DA:23,0
DA:25,0
DA:26,0
DA:29,0
DA:30,0
DA:33,0
DA:34,0
DA:37,0
DA:38,0
DA:41,0
DA:68,0
LF:21
LH:6
BRF:0
BRH:0
end_of_record
TN:
SF:src/components/Sum.js
FN:2,(anonymous_0)
FNF:1
FNH:1
FNDA:1,(anonymous_0)
DA:2,1
DA:3,1
LF:2
LH:2
BRF:0
BRH:0
end_of_record
TN:
SF:src/utils/store/CounterSlice.js
FN:12,(anonymous_0)
FN:15,(anonymous_1)
FN:18,(anonymous_2)
FN:21,(anonymous_3)
FNF:4
FNH:0
FNDA:0,(anonymous_0)
FNDA:0,(anonymous_1)
FNDA:0,(anonymous_2)
FNDA:0,(anonymous_3)
DA:4,1
DA:13,0
DA:16,0
DA:19,0
DA:22,0
DA:27,1
LF:6
LH:2
BRF:0
BRH:0
end_of_record
